[07-29|00:30:28.159] INFO node/node.go:144 initializing node {"version": "node/1.13.3", "nodeID": "NodeID-KPs5Eyg3z9F9rRdeZQM5Pk9ZEvw3qwmEm", "stakingKeyType": "ECDSA", "nodePOP": {"publicKey":"0xa2c06c3e579c712a2620a133ec11639d7ce8ba83e846a107565cbcc5cb7a016f94e3d546c8f873c8be14c28b65dbdbb7","proofOfPossession":"0x98e711171504e5e4bae9c0158a380c589fc36d6cb6e5be0c338ed1a93e067c3ac796b1024bcf0c0c897f1a8d29921b510f63d5b2b22402be7e8c4e61cd53ae579bdc3736b45297d90436b1d61ff1ad53139a9ee96dc34bdbd4342203b9147a26"}, "providedFlags": {"chain-config-dir":"runtime/luxd-final/configs","consensus-quorum-size":1,"consensus-rogue-commit-threshold":1,"consensus-sample-size":1,"consensus-virtuous-commit-threshold":1,"data-dir":"runtime/luxd-final","db-type":"pebbledb","dev":true,"http-port":"9650","log-level":"info","network-health-min-conn-peers":0,"network-id":"96369","poa-single-node-mode":true,"skip-bootstrap":true,"staking-port":"9651","sybil-protection-disabled-weight":100,"sybil-protection-enabled":false}, "config": {"httpConfig":{"readTimeout":30000000000,"readHeaderTimeout":30000000000,"writeHeaderTimeout":30000000000,"idleTimeout":120000000000,"apiConfig":{"indexerConfig":{"indexAPIEnabled":false,"indexAllowIncomplete":false},"adminAPIEnabled":false,"infoAPIEnabled":true,"keystoreAPIEnabled":false,"metricsAPIEnabled":true,"healthAPIEnabled":true},"httpHost":"127.0.0.1","httpPort":9650,"httpsEnabled":false,"httpAllowedOrigins":["*"],"httpAllowedHosts":["localhost"],"shutdownTimeout":10000000000,"shutdownWait":0},"ipConfig":{"publicIP":"","publicIPResolutionService":"","publicIPResolutionFreq":300000000000,"listenHost":"","listenPort":9651},"stakingConfig":{"uptimeRequirement":0.8,"minValidatorStake":2000000000000,"maxValidatorStake":3000000000000000,"minDelegatorStake":25000000000,"minDelegationFee":20000,"minStakeDuration":86400000000000,"maxStakeDuration":31536000000000000,"rewardConfig":{"maxConsumptionRate":120000,"minConsumptionRate":100000,"mintingPeriod":31536000000000000,"supplyCap":720000000000000000},"sybilProtectionEnabled":false,"partialSyncPrimaryNetwork":false,"sybilProtectionDisabledWeight":100,"stakingKeyPath":"runtime/luxd-final/staking/staker.key","stakingCertPath":"runtime/luxd-final/staking/staker.crt","stakingSignerPath":"runtime/luxd-final/staking/signer.key"},"txFeeConfig":{"txFee":1000000,"createAssetTxFee":1000000,"createSubnetTxFee":100000000,"transformSubnetTxFee":100000000,"createBlockchainTxFee":100000000,"addPrimaryNetworkValidatorFee":0,"addPrimaryNetworkDelegatorFee":0,"addSubnetValidatorFee":1000000,"addSubnetDelegatorFee":1000000},"stateSyncConfig":{"stateSyncIDs":null,"stateSyncIPs":null},"bootstrapConfig":{"bootstrapBeaconConnectionTimeout":60000000000,"bootstrapAncestorsMaxContainersSent":2000,"bootstrapAncestorsMaxContainersReceived":2000,"bootstrapMaxTimeGetAncestors":50000000,"bootstrappers":[],"skipBootstrap":true,"enableAutomining":false},"databaseConfig":{"readOnly":false,"path":"runtime/luxd-final/db/network-96369","name":"pebbledb"},"luxAssetID":"2RWzkMiodrM7PujP2So9cvipErKydWc7d64ZmzjdW1Xr3yUvwL","networkID":96369,"healthCheckFreq":30000000000,"networkConfig":{"healthConfig":{"minConnectedPeers":0,"maxTimeSinceMsgReceived":60000000000,"maxTimeSinceMsgSent":60000000000,"maxPortionSendQueueBytesFull":0.9,"maxSendFailRate":0.9,"sendFailRateHalflife":10000000000},"peerListGossipConfig":{"peerListNumValidatorIPs":15,"peerListPullGossipFreq":2000000000,"peerListBloomResetFreq":60000000000},"timeoutConfigs":{"pingPongTimeout":30000000000,"readHandshakeTimeout":15000000000},"delayConfig":{"initialReconnectDelay":1000000000,"maxReconnectDelay":60000000000},"throttlerConfig":{"inboundConnUpgradeThrottlerConfig":{"upgradeCooldown":10000000000,"maxRecentConnsUpgraded":2560},"inboundMsgThrottlerConfig":{"byteThrottlerConfig":{"vdrAllocSize":33554432,"atLargeAllocSize":6291456,"nodeMaxAtLargeBytes":2097152},"bandwidthThrottlerConfig":{"bandwidthRefillRate":524288,"bandwidthMaxBurstRate":2097152},"cpuThrottlerConfig":{"maxRecheckDelay":5000000000},"diskThrottlerConfig":{"maxRecheckDelay":5000000000},"maxProcessingMsgsPerNode":1024},"outboundMsgThrottlerConfig":{"vdrAllocSize":33554432,"atLargeAllocSize":33554432,"nodeMaxAtLargeBytes":2097152},"maxInboundConnsPerSec":256},"proxyEnabled":false,"proxyReadHeaderTimeout":3000000000,"dialerConfig":{"throttleRps":50,"connectionTimeout":30000000000},"tlsKeyLogFile":"","myNodeID":"NodeID-111111111111111111116DBWJs","myIP":null,"networkID":0,"maxClockDifference":60000000000,"pingFrequency":22500000000,"allowPrivateIPs":true,"supportedLPs":[],"objectedLPs":[],"compressionType":"zstd","uptimeMetricFreq":30000000000,"requireValidatorToConnect":false,"maximumInboundMessageTimeout":10000000000,"peerReadBufferSize":8192,"peerWriteBufferSize":8192},"adaptiveTimeoutConfig":{"initialTimeout":5000000000,"minimumTimeout":2000000000,"maximumTimeout":10000000000,"timeoutCoefficient":2,"timeoutHalflife":300000000000},"benchlistConfig":{"threshold":10,"minimumFailingDuration":150000000000,"duration":900000000000,"maxPortion":0},"profilerConfig":{"dir":"runtime/luxd-final/profiles","enabled":false,"freq":900000000000,"maxNumFiles":5},"loggingConfig":{"maxSize":8,"maxFiles":7,"maxAge":0,"directory":"runtime/luxd-final/logs","compress":false,"disableWriterDisplaying":false,"logLevel":"INFO","displayLevel":"INFO","logFormat":"PLAIN"},"pluginDir":"runtime/luxd-final/plugins","fdLimit":32768,"meterVMEnabled":true,"routerHealthConfig":{"maxDropRate":1,"maxDropRateHalflife":10000000000,"maxOutstandingRequests":1024,"maxOutstandingDuration":300000000000,"maxRunTimeRequests":10000000000},"consensusShutdownTimeout":60000000000,"consensusGossipFreq":100000000,"consensusAppConcurrency":2,"trackedSubnets":[],"subnetConfigs":{"11111111111111111111111111111111LpoYY":{"validatorOnly":false,"allowedNodes":[],"consensusParameters":{"k":1,"alphaPreference":1,"alphaConfidence":1,"beta":1,"concurrentRepolls":1,"optimalProcessing":1,"maxOutstandingItems":256,"maxItemProcessingTime":30000000000},"proposerMinBlockDelay":1000000000,"proposerNumHistoricalBlocks":0,"poaEnabled":true,"poaSingleNodeMode":true,"poaMinBlockTime":1000000000}},"chainAliases":null,"vmAliases":null,"systemTrackerProcessingHalflife":15000000000,"systemTrackerFrequency":500000000,"systemTrackerCPUHalflife":15000000000,"systemTrackerDiskHalflife":60000000000,"cpuTargeterConfig":{"vdrAlloc":56,"maxNonVdrUsage":44.800000000000004,"maxNonVdrNodeUsage":7},"diskTargeterConfig":{"vdrAlloc":1073741824000,"maxNonVdrUsage":1073741824000,"maxNonVdrNodeUsage":1073741824000},"requiredAvailableDiskSpace":536870912,"warningThresholdAvailableDiskSpace":1073741824,"traceConfig":{"exporterConfig":{"type":"unknown","endpoint":"","headers":null,"insecure":false},"enabled":false,"traceSampleRate":0,"appName":"","version":""},"useCurrentHeight":false,"chainDataDir":"runtime/luxd-final/chainData","importChainData":"","processContextFilePath":"runtime/luxd-final/process.json","poaModeEnabled":false,"poaSingleNodeMode":false,"poaMinBlockTime":0,"poaAuthorizedNodes":null}}
[07-29|00:30:28.162] INFO node/node.go:952 initializing NAT
[07-29|00:30:30.214] INFO node/node.go:970 initializing API server
[07-29|00:30:30.215] INFO server/server.go:149 API created {"allowedOrigins": ["*"]}
[07-29|00:30:30.215] INFO node/node.go:1349 initializing metrics API
[07-29|00:30:30.215] INFO server/server.go:235 adding route {"url": "/ext/metrics", "endpoint": ""}
[07-29|00:30:30.215] INFO pebbledb/db.go:87 opening pebble {"config": {"cacheSize":536870912,"bytesPerSync":524288,"walBytesPerSync":0,"memTableStopWritesThreshold":8,"memTableSize":134217728,"maxOpenFiles":4096,"maxConcurrentCompactions":1}}
2025/07/29 00:30:30 [JOB 1] WAL file runtime/luxd-final/db/network-96369/pebble/000005.log with log number 000005 stopped reading at offset: 2557; replayed 16 keys in 8 batches
[07-29|00:30:30.236] INFO node/node.go:850 initializing database {"genesisHash": "2vd59DPuN4Y9kQmmsbz8TGgJhJg5kVo8TCCYVBByTTWpSda3R1"}
[07-29|00:30:30.240] INFO node/node.go:1307 initializing keystore
[07-29|00:30:30.240] INFO node/node.go:1314 skipping keystore API initialization because it has been disabled
[07-29|00:30:30.240] INFO node/node.go:1299 initializing SharedMemory
[07-29|00:30:30.240] WARN node/node.go:226 sybil control is not enforced
[07-29|00:30:30.276] INFO nat/nat.go:86 NAT traversal successful {"externalPort": 9651, "internalPort": 9651}
[07-29|00:30:30.276] INFO node/node.go:513 initializing networking {"ip": "99.199.3.203:9651"}
[07-29|00:30:30.277] INFO node/node.go:1480 initializing Health API
[07-29|00:30:30.277] INFO health/worker.go:115 registered new check and initialized its state to failing {"name": "health", "name": "network", "tags": ["application"]}
[07-29|00:30:30.277] INFO health/worker.go:115 registered new check and initialized its state to failing {"name": "health", "name": "router", "tags": ["application"]}
[07-29|00:30:30.277] INFO health/worker.go:115 registered new check and initialized its state to failing {"name": "health", "name": "database", "tags": ["application"]}
[07-29|00:30:30.277] INFO health/worker.go:115 registered new check and initialized its state to failing {"name": "health", "name": "diskspace", "tags": ["application"]}
[07-29|00:30:30.277] INFO server/server.go:235 adding route {"url": "/ext/health", "endpoint": ""}
[07-29|00:30:30.277] INFO server/server.go:235 adding route {"url": "/ext/health", "endpoint": "/readiness"}
[07-29|00:30:30.277] INFO server/server.go:235 adding route {"url": "/ext/health", "endpoint": "/health"}
[07-29|00:30:30.277] INFO server/server.go:235 adding route {"url": "/ext/health", "endpoint": "/liveness"}
[07-29|00:30:30.277] INFO node/node.go:1063 adding the default VM aliases
[07-29|00:30:30.278] INFO node/node.go:1210 initializing VMs
[07-29|00:30:30.278] INFO node/node.go:1365 skipping admin API initialization because it has been disabled
[07-29|00:30:30.278] INFO node/node.go:1422 initializing info API
[07-29|00:30:30.279] INFO server/server.go:235 adding route {"url": "/ext/info", "endpoint": ""}
[07-29|00:30:30.279] INFO node/node.go:1565 initializing chain aliases
[07-29|00:30:30.279] INFO node/node.go:1592 initializing API aliases
[07-29|00:30:30.289] INFO node/node.go:1395 skipping profiler initialization because it has been disabled
[07-29|00:30:30.289] INFO node/node.go:928 initializing chains
[07-29|00:30:30.289] INFO health/worker.go:261 check started passing {"name": "health", "name": "router", "tags": ["application"]}
[07-29|00:30:30.289] INFO health/worker.go:261 check started passing {"name": "health", "name": "database", "tags": ["application"]}
[07-29|00:30:30.289] INFO health/worker.go:261 check started passing {"name": "health", "name": "network", "tags": ["application"]}
[07-29|00:30:30.289] INFO chains/manager.go:403 creating chain {"subnetID": "11111111111111111111111111111111LpoYY", "chainID": "11111111111111111111111111111111LpoYY", "vmID": "rWhpuQPF1kb72esV2momhMuTYGkEb1oL29pt2EBXWmSy4kxnT"}
[07-29|00:30:30.289] INFO health/worker.go:261 check started passing {"name": "health", "name": "diskspace", "tags": ["application"]}
[07-29|00:30:30.289] INFO <P Chain> chains/manager.go:612 skip-bootstrap enabled - using empty beacons for single-node mode
[07-29|00:30:30.290] INFO chains/manager.go:1227 creating proposervm wrapper {"activationTime": "[12-05|05:00:00.000]", "minPChainHeight": 0, "minBlockDelay": "1s", "numHistoricalBlocks": 0}
[07-29|00:30:30.291] INFO <P Chain> platformvm/vm.go:116 using VM execution config {"config": {"network":{"max-validator-set-staleness":60000000000,"target-gossip-size":20480,"push-gossip-percent-stake":0.9,"push-gossip-num-validators":100,"push-gossip-num-peers":0,"push-regossip-num-validators":10,"push-regossip-num-peers":0,"push-gossip-discarded-cache-size":16384,"push-gossip-max-regossip-frequency":30000000000,"push-gossip-frequency":500000000,"pull-gossip-poll-size":1,"pull-gossip-frequency":1500000000,"pull-gossip-throttling-period":10000000000,"pull-gossip-throttling-limit":2,"expected-bloom-filter-elements":8192,"expected-bloom-filter-false-positive-probability":0.01,"max-bloom-filter-false-positive-probability":0.05},"block-cache-size":67108864,"tx-cache-size":134217728,"transformed-subnet-tx-cache-size":4194304,"reward-utxos-cache-size":2048,"chain-cache-size":2048,"chain-db-cache-size":2048,"block-id-cache-size":8192,"fx-owner-cache-size":4194304,"checksums-enabled":false,"mempool-prune-frequency":1800000000000}}
[07-29|00:30:30.309] INFO <P Chain> platformvm/vm.go:220 about to call initBlockchains
[07-29|00:30:30.310] INFO <P Chain> platformvm/vm.go:441 initBlockchains called
[07-29|00:30:30.310] INFO <P Chain> platformvm/vm.go:300 checking for existing chains in chainData directory {"chainDataDir": "runtime/luxd-final/chainData"}
[07-29|00:30:30.310] INFO <P Chain> platformvm/vm.go:313 found chainData entries {"count": 3}
[07-29|00:30:30.310] INFO <P Chain> platformvm/vm.go:322 checking chainData entry {"name": "11111111111111111111111111111111LpoYY"}
[07-29|00:30:30.310] INFO <P Chain> platformvm/vm.go:322 checking chainData entry {"name": "QJ1f5XDaMmEBAMtcoNFM5dhqWVwyqnb95uCEvCmbxah3iXmuS"}
[07-29|00:30:30.310] INFO <P Chain> platformvm/vm.go:322 checking chainData entry {"name": "X6CU5qgMJfzsTB9UWxj2ZY5hd68x41HfZ4m4hCBWbHuj1Ebc3"}
[07-29|00:30:30.310] INFO <P Chain> platformvm/vm.go:490 Checking chain ID mapping {"vmID": "mgj786NP7uDwBCcq6YwThhaN8FLyybkCa4zBWTQbNgmK6k9A6", "EVMID": "mgj786NP7uDwBCcq6YwThhaN8FLyybkCa4zBWTQbNgmK6k9A6", "originalChainID": "X6CU5qgMJfzsTB9UWxj2ZY5hd68x41HfZ4m4hCBWbHuj1Ebc3", "envVar": ""}
[07-29|00:30:30.310] INFO chains/manager.go:354 QueueChainCreation called {"vmID": "mgj786NP7uDwBCcq6YwThhaN8FLyybkCa4zBWTQbNgmK6k9A6", "EVMID": "mgj786NP7uDwBCcq6YwThhaN8FLyybkCa4zBWTQbNgmK6k9A6", "vmIDEqualsEVMID": true, "envVar": ""}
[07-29|00:30:30.310] INFO <P Chain> platformvm/vm.go:490 Checking chain ID mapping {"vmID": "jvYyfQTxGMJLuGWa55kdP2p2zSUYsQ5Raupu4TW34ZAUBAbtq", "EVMID": "mgj786NP7uDwBCcq6YwThhaN8FLyybkCa4zBWTQbNgmK6k9A6", "originalChainID": "QJ1f5XDaMmEBAMtcoNFM5dhqWVwyqnb95uCEvCmbxah3iXmuS", "envVar": ""}
[07-29|00:30:30.310] INFO chains/manager.go:354 QueueChainCreation called {"vmID": "jvYyfQTxGMJLuGWa55kdP2p2zSUYsQ5Raupu4TW34ZAUBAbtq", "EVMID": "mgj786NP7uDwBCcq6YwThhaN8FLyybkCa4zBWTQbNgmK6k9A6", "vmIDEqualsEVMID": false, "envVar": ""}
[07-29|00:30:30.311] INFO <P Chain> platformvm/vm.go:229 initializing last accepted {"blkID": "2DMbTXLSwgLbE1M9KmU6ft7aaYtJ9GZjUBByuykT6ozQSu3hdX"}
[07-29|00:30:30.311] INFO <P Chain> proposervm/vm.go:213 initialized proposervm {"state": "before fork"}
[07-29|00:30:30.311] INFO <P Chain> state/state.go:2329 blocks already reindexed
[07-29|00:30:30.311] INFO <P Chain> chain/engine.go:98 initializing consensus engine
[07-29|00:30:30.312] INFO health/worker.go:115 registered new check and initialized its state to failing {"name": "health", "name": "P", "tags": ["11111111111111111111111111111111LpoYY"]}
[07-29|00:30:30.312] INFO server/server.go:210 adding route {"url": "/ext/bc/11111111111111111111111111111111LpoYY", "endpoint": ""}
[07-29|00:30:30.315] INFO health/worker.go:115 registered new check and initialized its state to failing {"name": "readiness", "name": "bootstrapped", "tags": ["application"]}
[07-29|00:30:30.315] INFO health/worker.go:115 registered new check and initialized its state to failing {"name": "health", "name": "bootstrapped", "tags": ["application"]}
[07-29|00:30:30.315] INFO <P Chain> bootstrap/bootstrapper.go:182 starting bootstrapper {"lastAcceptedID": "2DMbTXLSwgLbE1M9KmU6ft7aaYtJ9GZjUBByuykT6ozQSu3hdX", "lastAcceptedHeight": 0}
[07-29|00:30:30.315] INFO <P Chain> bootstrap/bootstrapper.go:263 bootstrapping skipped {"reason": "no provided bootstraps"}
[07-29|00:30:30.315] INFO <P Chain> bootstrap/bootstrapper.go:387 starting to fetch blocks {"numKnownBlocks": 0, "numAcceptedBlocks": 0, "numMissingBlocks": 0}
[07-29|00:30:30.315] INFO <P Chain> bootstrap/storage.go:194 executing blocks {"numToExecute": 0}
[07-29|00:30:30.315] INFO <P Chain> bootstrap/storage.go:186 executed blocks {"numExecuted": 0, "numToExecute": 0, "halted": false, "duration": "35.183µs"}
[07-29|00:30:30.315] INFO <P Chain> bootstrap/bootstrapper.go:714 waiting for the remaining chains in this subnet to finish syncing
[07-29|00:30:30.315] INFO chains/manager.go:1560 starting chain creator
[07-29|00:30:30.315] INFO chains/manager.go:403 creating chain {"subnetID": "11111111111111111111111111111111LpoYY", "chainID": "X6CU5qgMJfzsTB9UWxj2ZY5hd68x41HfZ4m4hCBWbHuj1Ebc3", "vmID": "mgj786NP7uDwBCcq6YwThhaN8FLyybkCa4zBWTQbNgmK6k9A6"}
[07-29|00:30:30.315] INFO node/node.go:661 writing process context {"path": "runtime/luxd-final/process.json"}
[07-29|00:30:30.316] INFO <C Chain> chains/manager.go:612 skip-bootstrap enabled - using empty beacons for single-node mode
[07-29|00:30:30.316] INFO chains/manager.go:1227 creating proposervm wrapper {"activationTime": "[12-05|05:00:00.000]", "minPChainHeight": 0, "minBlockDelay": "1s", "numHistoricalBlocks": 0}
DEBUG: C-Chain VM Initialize called
DEBUG: Database type: *prefixdb.Database
DEBUG: Genesis bytes length: 815
Genesis block hash: 0xa24e71001a6a59fb52834b2b4e905f08d1598a7da819467ebb8d9da4129f37ce
Genesis chain ID: 96369
Debug: Reading canonical hash key: 6800000000000000006e value: a24e71001a6a59fb52834b2b4e905f08d1598a7da819467ebb8d9da4129f37ce err: <nil>
Debug: Reading canonical hash key: 6800000000000000006e value: a24e71001a6a59fb52834b2b4e905f08d1598a7da819467ebb8d9da4129f37ce err: <nil>
Found existing genesis in database: 0xa24e71001a6a59fb52834b2b4e905f08d1598a7da819467ebb8d9da4129f37ce
Found header at hash a24e71001a6a59fb52834b2b4e905f08d1598a7da819467ebb8d9da4129f37ce with number 0
Debug: Reading canonical hash key: 6800000000000000006e value: a24e71001a6a59fb52834b2b4e905f08d1598a7da819467ebb8d9da4129f37ce err: <nil>
Debug: Reading canonical hash key: 6800000000000000006e value: a24e71001a6a59fb52834b2b4e905f08d1598a7da819467ebb8d9da4129f37ce err: <nil>
Debug: Reading canonical hash key: 6800000000000000006e value: a24e71001a6a59fb52834b2b4e905f08d1598a7da819467ebb8d9da4129f37ce err: <nil>
Debug: Reading canonical hash key: 6800000000000000006e value: a24e71001a6a59fb52834b2b4e905f08d1598a7da819467ebb8d9da4129f37ce err: <nil>
[07-29|00:30:30.320] INFO node/node.go:688 API server listening {"uri": "http://127.0.0.1:9650"}
[07-29|00:30:30.320] INFO <C Chain> cchainvm/vm.go:253 C-Chain VM starting from genesis {"genesisHash": "0xa24e71001a6a59fb52834b2b4e905f08d1598a7da819467ebb8d9da4129f37ce", "lastAccepted": "2EUuAkU7DCbzQL2M5WpYy7CtKnuQF5kVisaCF1SFAkPSaULEk2"}
[07-29|00:30:30.320] INFO <C Chain> cchainvm/vm.go:276 Current blockchain state {"height": 0, "hash": "0xa24e71001a6a59fb52834b2b4e905f08d1598a7da819467ebb8d9da4129f37ce", "timestamp": 0}
[07-29|00:30:30.320] INFO <C Chain> cchainvm/vm.go:286 Head block state {"height": 0, "hash": "0xa24e71001a6a59fb52834b2b4e905f08d1598a7da819467ebb8d9da4129f37ce"}
[07-29|00:30:30.320] INFO <C Chain> cchainvm/vm.go:293 Database info {"type": "*cchainvm.DatabaseWrapper"}
[07-29|00:30:30.320] INFO <C Chain> cchainvm/vm.go:262 C-Chain VM initialized
[07-29|00:30:30.320] INFO <C Chain> cchainvm/vm.go:263 Chain configuration {"chainID": "96369", "genesisHash": "0xa24e71001a6a59fb52834b2b4e905f08d1598a7da819467ebb8d9da4129f37ce"}
[07-29|00:30:30.321] INFO <C Chain> proposervm/vm.go:213 initialized proposervm {"state": "before fork"}
[07-29|00:30:30.321] INFO <C Chain> chain/engine.go:98 initializing consensus engine
[07-29|00:30:30.321] INFO health/worker.go:115 registered new check and initialized its state to failing {"name": "health", "name": "C", "tags": ["11111111111111111111111111111111LpoYY"]}
[07-29|00:30:30.322] INFO <C Chain> cchainvm/vm.go:336 Registered API namespaces
[07-29|00:30:30.322] INFO <C Chain> cchainvm/vm.go:345 Created RPC handlers
[07-29|00:30:30.322] INFO server/server.go:210 adding route {"url": "/ext/bc/X6CU5qgMJfzsTB9UWxj2ZY5hd68x41HfZ4m4hCBWbHuj1Ebc3", "endpoint": "/rpc"}
[07-29|00:30:30.322] INFO server/server.go:210 adding route {"url": "/ext/bc/X6CU5qgMJfzsTB9UWxj2ZY5hd68x41HfZ4m4hCBWbHuj1Ebc3", "endpoint": "/"}
[07-29|00:30:30.325] INFO <C Chain> bootstrap/bootstrapper.go:182 starting bootstrapper {"lastAcceptedID": "2EUuAkU7DCbzQL2M5WpYy7CtKnuQF5kVisaCF1SFAkPSaULEk2", "lastAcceptedHeight": 0}
[07-29|00:30:30.325] INFO <C Chain> bootstrap/bootstrapper.go:263 bootstrapping skipped {"reason": "no provided bootstraps"}
[07-29|00:30:30.325] INFO <C Chain> bootstrap/bootstrapper.go:387 starting to fetch blocks {"numKnownBlocks": 0, "numAcceptedBlocks": 0, "numMissingBlocks": 0}
[07-29|00:30:30.325] INFO <C Chain> bootstrap/storage.go:194 executing blocks {"numToExecute": 0}
[07-29|00:30:30.325] INFO <C Chain> bootstrap/storage.go:186 executed blocks {"numExecuted": 0, "numToExecute": 0, "halted": false, "duration": "53.054µs"}
[07-29|00:30:30.325] INFO <C Chain> bootstrap/bootstrapper.go:714 waiting for the remaining chains in this subnet to finish syncing
[07-29|00:30:30.325] INFO chains/manager.go:403 creating chain {"subnetID": "11111111111111111111111111111111LpoYY", "chainID": "QJ1f5XDaMmEBAMtcoNFM5dhqWVwyqnb95uCEvCmbxah3iXmuS", "vmID": "jvYyfQTxGMJLuGWa55kdP2p2zSUYsQ5Raupu4TW34ZAUBAbtq"}
[07-29|00:30:30.328] INFO <X Chain> xvm/vm.go:173 VM config initialized {"config": {"network":{"max-validator-set-staleness":60000000000,"target-gossip-size":20480,"push-gossip-percent-stake":0.9,"push-gossip-num-validators":100,"push-gossip-num-peers":0,"push-regossip-num-validators":10,"push-regossip-num-peers":0,"push-gossip-discarded-cache-size":16384,"push-gossip-max-regossip-frequency":30000000000,"push-gossip-frequency":500000000,"pull-gossip-poll-size":1,"pull-gossip-frequency":1500000000,"pull-gossip-throttling-period":10000000000,"pull-gossip-throttling-limit":2,"expected-bloom-filter-elements":8192,"expected-bloom-filter-false-positive-probability":0.01,"max-bloom-filter-false-positive-probability":0.05},"index-transactions":false,"index-allow-incomplete":false,"checksums-enabled":false}}
[07-29|00:30:30.330] INFO <X Chain> xvm/vm.go:563 fee asset is established {"alias": "LUX", "assetID": "2RWzkMiodrM7PujP2So9cvipErKydWc7d64ZmzjdW1Xr3yUvwL"}
[07-29|00:30:30.330] INFO <X Chain> xvm/vm.go:259 address transaction indexing is disabled
[07-29|00:30:30.330] INFO chains/manager.go:799 creating proposervm wrapper {"activationTime": "[12-05|05:00:00.000]", "minPChainHeight": 0, "minBlockDelay": "1s", "numHistoricalBlocks": 0}
[07-29|00:30:30.331] INFO <X Chain> chains/manager.go:945 bootstrapping disabled - starting processing immediately
[07-29|00:30:30.331] INFO <X Chain> chain/engine.go:98 initializing consensus engine
[07-29|00:30:30.332] INFO health/worker.go:115 registered new check and initialized its state to failing {"name": "health", "name": "X", "tags": ["11111111111111111111111111111111LpoYY"]}
[07-29|00:30:30.333] INFO server/server.go:210 adding route {"url": "/ext/bc/QJ1f5XDaMmEBAMtcoNFM5dhqWVwyqnb95uCEvCmbxah3iXmuS", "endpoint": ""}
[07-29|00:30:30.333] INFO server/server.go:210 adding route {"url": "/ext/bc/QJ1f5XDaMmEBAMtcoNFM5dhqWVwyqnb95uCEvCmbxah3iXmuS", "endpoint": "/wallet"}
[07-29|00:30:30.333] INFO server/server.go:210 adding route {"url": "/ext/bc/QJ1f5XDaMmEBAMtcoNFM5dhqWVwyqnb95uCEvCmbxah3iXmuS", "endpoint": "/events"}
[07-29|00:30:30.336] INFO <X Chain> bootstrap/bootstrapper.go:320 starting bootstrap
[07-29|00:30:30.336] INFO <X Chain> bootstrap/bootstrapper.go:600 executing transactions
[07-29|00:30:30.336] INFO <X Chain> queue/jobs.go:223 executed operations {"numExecuted": 0}
[07-29|00:30:30.336] INFO <X Chain> bootstrap/bootstrapper.go:612 executing vertices
[07-29|00:30:30.336] INFO <X Chain> queue/jobs.go:223 executed operations {"numExecuted": 0}
[07-29|00:30:30.337] INFO <X Chain> proposervm/vm.go:213 initialized proposervm {"state": "before fork"}
[07-29|00:30:30.337] INFO <X Chain> bootstrap/bootstrapper.go:182 starting bootstrapper {"lastAcceptedID": "2RcQihiimHKEGdYw2GwQdpoZPrguVHQaFx4eqJAhw9VnUAqck5", "lastAcceptedHeight": 0}
[07-29|00:30:30.337] INFO <X Chain> bootstrap/bootstrapper.go:263 bootstrapping skipped {"reason": "no provided bootstraps"}
[07-29|00:30:30.337] INFO <X Chain> bootstrap/bootstrapper.go:387 starting to fetch blocks {"numKnownBlocks": 0, "numAcceptedBlocks": 0, "numMissingBlocks": 0}
[07-29|00:30:30.337] INFO <X Chain> bootstrap/storage.go:194 executing blocks {"numToExecute": 0}
[07-29|00:30:30.337] INFO <X Chain> bootstrap/storage.go:186 executed blocks {"numExecuted": 0, "numToExecute": 0, "halted": false, "duration": "35.79µs"}
[07-29|00:30:30.337] INFO <X Chain> chain/engine.go:511 starting consensus {"lastAcceptedID": "2RcQihiimHKEGdYw2GwQdpoZPrguVHQaFx4eqJAhw9VnUAqck5", "lastAcceptedHeight": 0}
[07-29|00:30:30.338] INFO <C Chain> chain/engine.go:511 starting consensus {"lastAcceptedID": "2EUuAkU7DCbzQL2M5WpYy7CtKnuQF5kVisaCF1SFAkPSaULEk2", "lastAcceptedHeight": 0}
[07-29|00:30:30.338] INFO <P Chain> chain/engine.go:511 starting consensus {"lastAcceptedID": "2DMbTXLSwgLbE1M9KmU6ft7aaYtJ9GZjUBByuykT6ozQSu3hdX", "lastAcceptedHeight": 0}
[07-29|00:31:00.290] INFO health/worker.go:261 check started passing {"name": "health", "name": "X", "tags": ["11111111111111111111111111111111LpoYY"]}
[07-29|00:31:00.290] INFO health/worker.go:261 check started passing {"name": "readiness", "name": "bootstrapped", "tags": ["application"]}
[07-29|00:31:00.290] INFO health/worker.go:261 check started passing {"name": "health", "name": "bootstrapped", "tags": ["application"]}
[07-29|00:31:00.290] INFO health/worker.go:261 check started passing {"name": "health", "name": "C", "tags": ["11111111111111111111111111111111LpoYY"]}
[07-29|00:31:00.290] INFO health/worker.go:261 check started passing {"name": "health", "name": "P", "tags": ["11111111111111111111111111111111LpoYY"]}
[07-29|01:13:09.350] INFO node/node.go:1682 shutting down node {"exitCode": 0}
[07-29|01:13:09.351] INFO health/worker.go:115 registered new check and initialized its state to failing {"name": "health", "name": "shuttingDown", "tags": ["application"]}
[07-29|01:13:09.351] INFO chains/manager.go:1591 shutting down chain manager
[07-29|01:13:09.351] INFO router/chain_router.go:375 shutting down chain router
[07-29|01:13:09.351] INFO <C Chain> chain/engine.go:435 shutting down consensus engine
[07-29|01:13:09.351] INFO <P Chain> chain/engine.go:435 shutting down consensus engine
[07-29|01:13:09.351] INFO <X Chain> chain/engine.go:435 shutting down consensus engine
[07-29|01:13:09.355] INFO <P Chain> router/chain_router.go:399 chain shutdown {"shutdownDuration": "4.540575ms"}
[07-29|01:13:09.355] INFO <C Chain> router/chain_router.go:399 chain shutdown {"shutdownDuration": "148.146µs"}
[07-29|01:13:09.355] INFO <X Chain> router/chain_router.go:399 chain shutdown {"shutdownDuration": "189.547µs"}
[07-29|01:13:09.355] INFO network/network.go:1070 shutting down the p2p networking
[07-29|01:13:09.368] INFO nat/nat.go:193 Unmapped all ports
[07-29|01:13:09.369] INFO node/node.go:1731 cleaning up plugin runtimes
[07-29|01:13:09.374] INFO node/node.go:1760 finished node shutdown
