[07-29|00:25:33.968] INFO node/node.go:144 initializing node {"version": "node/1.13.3", "nodeID": "NodeID-KPs5Eyg3z9F9rRdeZQM5Pk9ZEvw3qwmEm", "stakingKeyType": "ECDSA", "nodePOP": {"publicKey":"0xa2c06c3e579c712a2620a133ec11639d7ce8ba83e846a107565cbcc5cb7a016f94e3d546c8f873c8be14c28b65dbdbb7","proofOfPossession":"0x98e711171504e5e4bae9c0158a380c589fc36d6cb6e5be0c338ed1a93e067c3ac796b1024bcf0c0c897f1a8d29921b510f63d5b2b22402be7e8c4e61cd53ae579bdc3736b45297d90436b1d61ff1ad53139a9ee96dc34bdbd4342203b9147a26"}, "providedFlags": {"chain-config-dir":"runtime/luxd-final/configs","consensus-quorum-size":1,"consensus-rogue-commit-threshold":1,"consensus-sample-size":1,"consensus-virtuous-commit-threshold":1,"data-dir":"runtime/luxd-final","db-type":"pebbledb","dev":true,"http-port":"9650","log-level":"debug","network-health-min-conn-peers":0,"network-id":"96369","poa-single-node-mode":true,"skip-bootstrap":true,"staking-port":"9651","sybil-protection-disabled-weight":100,"sybil-protection-enabled":false}, "config": {"httpConfig":{"readTimeout":30000000000,"readHeaderTimeout":30000000000,"writeHeaderTimeout":30000000000,"idleTimeout":120000000000,"apiConfig":{"indexerConfig":{"indexAPIEnabled":false,"indexAllowIncomplete":false},"adminAPIEnabled":false,"infoAPIEnabled":true,"keystoreAPIEnabled":false,"metricsAPIEnabled":true,"healthAPIEnabled":true},"httpHost":"127.0.0.1","httpPort":9650,"httpsEnabled":false,"httpAllowedOrigins":["*"],"httpAllowedHosts":["localhost"],"shutdownTimeout":10000000000,"shutdownWait":0},"ipConfig":{"publicIP":"","publicIPResolutionService":"","publicIPResolutionFreq":300000000000,"listenHost":"","listenPort":9651},"stakingConfig":{"uptimeRequirement":0.8,"minValidatorStake":2000000000000,"maxValidatorStake":3000000000000000,"minDelegatorStake":25000000000,"minDelegationFee":20000,"minStakeDuration":86400000000000,"maxStakeDuration":31536000000000000,"rewardConfig":{"maxConsumptionRate":120000,"minConsumptionRate":100000,"mintingPeriod":31536000000000000,"supplyCap":720000000000000000},"sybilProtectionEnabled":false,"partialSyncPrimaryNetwork":false,"sybilProtectionDisabledWeight":100,"stakingKeyPath":"runtime/luxd-final/staking/staker.key","stakingCertPath":"runtime/luxd-final/staking/staker.crt","stakingSignerPath":"runtime/luxd-final/staking/signer.key"},"txFeeConfig":{"txFee":1000000,"createAssetTxFee":1000000,"createSubnetTxFee":100000000,"transformSubnetTxFee":100000000,"createBlockchainTxFee":100000000,"addPrimaryNetworkValidatorFee":0,"addPrimaryNetworkDelegatorFee":0,"addSubnetValidatorFee":1000000,"addSubnetDelegatorFee":1000000},"stateSyncConfig":{"stateSyncIDs":null,"stateSyncIPs":null},"bootstrapConfig":{"bootstrapBeaconConnectionTimeout":60000000000,"bootstrapAncestorsMaxContainersSent":2000,"bootstrapAncestorsMaxContainersReceived":2000,"bootstrapMaxTimeGetAncestors":50000000,"bootstrappers":[],"skipBootstrap":true,"enableAutomining":false},"databaseConfig":{"readOnly":false,"path":"runtime/luxd-final/db/network-96369","name":"pebbledb"},"luxAssetID":"2RWzkMiodrM7PujP2So9cvipErKydWc7d64ZmzjdW1Xr3yUvwL","networkID":96369,"healthCheckFreq":30000000000,"networkConfig":{"healthConfig":{"minConnectedPeers":0,"maxTimeSinceMsgReceived":60000000000,"maxTimeSinceMsgSent":60000000000,"maxPortionSendQueueBytesFull":0.9,"maxSendFailRate":0.9,"sendFailRateHalflife":10000000000},"peerListGossipConfig":{"peerListNumValidatorIPs":15,"peerListPullGossipFreq":2000000000,"peerListBloomResetFreq":60000000000},"timeoutConfigs":{"pingPongTimeout":30000000000,"readHandshakeTimeout":15000000000},"delayConfig":{"initialReconnectDelay":1000000000,"maxReconnectDelay":60000000000},"throttlerConfig":{"inboundConnUpgradeThrottlerConfig":{"upgradeCooldown":10000000000,"maxRecentConnsUpgraded":2560},"inboundMsgThrottlerConfig":{"byteThrottlerConfig":{"vdrAllocSize":33554432,"atLargeAllocSize":6291456,"nodeMaxAtLargeBytes":2097152},"bandwidthThrottlerConfig":{"bandwidthRefillRate":524288,"bandwidthMaxBurstRate":2097152},"cpuThrottlerConfig":{"maxRecheckDelay":5000000000},"diskThrottlerConfig":{"maxRecheckDelay":5000000000},"maxProcessingMsgsPerNode":1024},"outboundMsgThrottlerConfig":{"vdrAllocSize":33554432,"atLargeAllocSize":33554432,"nodeMaxAtLargeBytes":2097152},"maxInboundConnsPerSec":256},"proxyEnabled":false,"proxyReadHeaderTimeout":3000000000,"dialerConfig":{"throttleRps":50,"connectionTimeout":30000000000},"tlsKeyLogFile":"","myNodeID":"NodeID-111111111111111111116DBWJs","myIP":null,"networkID":0,"maxClockDifference":60000000000,"pingFrequency":22500000000,"allowPrivateIPs":true,"supportedLPs":[],"objectedLPs":[],"compressionType":"zstd","uptimeMetricFreq":30000000000,"requireValidatorToConnect":false,"maximumInboundMessageTimeout":10000000000,"peerReadBufferSize":8192,"peerWriteBufferSize":8192},"adaptiveTimeoutConfig":{"initialTimeout":5000000000,"minimumTimeout":2000000000,"maximumTimeout":10000000000,"timeoutCoefficient":2,"timeoutHalflife":300000000000},"benchlistConfig":{"threshold":10,"minimumFailingDuration":150000000000,"duration":900000000000,"maxPortion":0},"profilerConfig":{"dir":"runtime/luxd-final/profiles","enabled":false,"freq":900000000000,"maxNumFiles":5},"loggingConfig":{"maxSize":8,"maxFiles":7,"maxAge":0,"directory":"runtime/luxd-final/logs","compress":false,"disableWriterDisplaying":false,"logLevel":"DEBUG","displayLevel":"DEBUG","logFormat":"PLAIN"},"pluginDir":"runtime/luxd-final/plugins","fdLimit":32768,"meterVMEnabled":true,"routerHealthConfig":{"maxDropRate":1,"maxDropRateHalflife":10000000000,"maxOutstandingRequests":1024,"maxOutstandingDuration":300000000000,"maxRunTimeRequests":10000000000},"consensusShutdownTimeout":60000000000,"consensusGossipFreq":100000000,"consensusAppConcurrency":2,"trackedSubnets":[],"subnetConfigs":{"11111111111111111111111111111111LpoYY":{"validatorOnly":false,"allowedNodes":[],"consensusParameters":{"k":1,"alphaPreference":1,"alphaConfidence":1,"beta":1,"concurrentRepolls":1,"optimalProcessing":1,"maxOutstandingItems":256,"maxItemProcessingTime":30000000000},"proposerMinBlockDelay":1000000000,"proposerNumHistoricalBlocks":0,"poaEnabled":true,"poaSingleNodeMode":true,"poaMinBlockTime":1000000000}},"chainAliases":null,"vmAliases":null,"systemTrackerProcessingHalflife":15000000000,"systemTrackerFrequency":500000000,"systemTrackerCPUHalflife":15000000000,"systemTrackerDiskHalflife":60000000000,"cpuTargeterConfig":{"vdrAlloc":56,"maxNonVdrUsage":44.800000000000004,"maxNonVdrNodeUsage":7},"diskTargeterConfig":{"vdrAlloc":1073741824000,"maxNonVdrUsage":1073741824000,"maxNonVdrNodeUsage":1073741824000},"requiredAvailableDiskSpace":536870912,"warningThresholdAvailableDiskSpace":1073741824,"traceConfig":{"exporterConfig":{"type":"unknown","endpoint":"","headers":null,"insecure":false},"enabled":false,"traceSampleRate":0,"appName":"","version":""},"useCurrentHeight":false,"chainDataDir":"runtime/luxd-final/chainData","importChainData":"","processContextFilePath":"runtime/luxd-final/process.json","poaModeEnabled":false,"poaSingleNodeMode":false,"poaMinBlockTime":0,"poaAuthorizedNodes":null}}
[07-29|00:25:33.969] INFO node/node.go:952 initializing NAT
[07-29|00:25:36.013] INFO node/node.go:970 initializing API server
[07-29|00:25:36.099] DEBUG node/node.go:986 finished HTTP host lookup {"host": "127.0.0.1", "ip": "127.0.0.1", "isPublic": false}
[07-29|00:25:36.100] INFO server/server.go:149 API created {"allowedOrigins": ["*"]}
[07-29|00:25:36.101] INFO node/node.go:1349 initializing metrics API
[07-29|00:25:36.101] INFO server/server.go:235 adding route {"url": "/ext/metrics", "endpoint": ""}
[07-29|00:25:36.101] INFO pebbledb/db.go:87 opening pebble {"config": {"cacheSize":536870912,"bytesPerSync":524288,"walBytesPerSync":0,"memTableStopWritesThreshold":8,"memTableSize":134217728,"maxOpenFiles":4096,"maxConcurrentCompactions":1}}
[07-29|00:25:36.681] INFO node/node.go:850 initializing database {"genesisHash": "2vd59DPuN4Y9kQmmsbz8TGgJhJg5kVo8TCCYVBByTTWpSda3R1"}
[07-29|00:25:36.761] INFO node/node.go:1307 initializing keystore
[07-29|00:25:36.761] INFO node/node.go:1314 skipping keystore API initialization because it has been disabled
[07-29|00:25:36.761] INFO node/node.go:1299 initializing SharedMemory
[07-29|00:25:36.761] WARN node/node.go:226 sybil control is not enforced
[07-29|00:25:36.804] INFO nat/nat.go:86 NAT traversal successful {"externalPort": 9651, "internalPort": 9651}
[07-29|00:25:36.804] INFO node/node.go:513 initializing networking {"ip": "99.199.3.203:9651"}
[07-29|00:25:36.805] DEBUG dialer/dialer.go:52 creating dialer {"throttleRPS": 50, "dialTimeout": "30s"}
[07-29|00:25:36.806] INFO node/node.go:1480 initializing Health API
[07-29|00:25:36.806] INFO health/worker.go:115 registered new check and initialized its state to failing {"name": "health", "name": "network", "tags": ["application"]}
[07-29|00:25:36.806] INFO health/worker.go:115 registered new check and initialized its state to failing {"name": "health", "name": "router", "tags": ["application"]}
[07-29|00:25:36.806] INFO health/worker.go:115 registered new check and initialized its state to failing {"name": "health", "name": "database", "tags": ["application"]}
[07-29|00:25:36.806] INFO health/worker.go:115 registered new check and initialized its state to failing {"name": "health", "name": "diskspace", "tags": ["application"]}
[07-29|00:25:36.806] INFO server/server.go:235 adding route {"url": "/ext/health", "endpoint": ""}
[07-29|00:25:36.806] INFO server/server.go:235 adding route {"url": "/ext/health", "endpoint": "/readiness"}
[07-29|00:25:36.806] INFO server/server.go:235 adding route {"url": "/ext/health", "endpoint": "/health"}
[07-29|00:25:36.806] INFO server/server.go:235 adding route {"url": "/ext/health", "endpoint": "/liveness"}
[07-29|00:25:36.806] INFO node/node.go:1063 adding the default VM aliases
[07-29|00:25:36.808] INFO node/node.go:1210 initializing VMs
[07-29|00:25:36.808] INFO node/node.go:1365 skipping admin API initialization because it has been disabled
[07-29|00:25:36.808] INFO node/node.go:1422 initializing info API
[07-29|00:25:36.810] INFO server/server.go:235 adding route {"url": "/ext/info", "endpoint": ""}
[07-29|00:25:36.810] INFO node/node.go:1565 initializing chain aliases
[07-29|00:25:36.810] INFO node/node.go:1592 initializing API aliases
[07-29|00:25:36.886] INFO node/node.go:1395 skipping profiler initialization because it has been disabled
[07-29|00:25:36.887] INFO node/node.go:928 initializing chains
[07-29|00:25:36.887] INFO health/worker.go:261 check started passing {"name": "health", "name": "network", "tags": ["application"]}
[07-29|00:25:36.887] INFO chains/manager.go:403 creating chain {"subnetID": "11111111111111111111111111111111LpoYY", "chainID": "11111111111111111111111111111111LpoYY", "vmID": "rWhpuQPF1kb72esV2momhMuTYGkEb1oL29pt2EBXWmSy4kxnT"}
[07-29|00:25:36.887] INFO health/worker.go:261 check started passing {"name": "health", "name": "router", "tags": ["application"]}
[07-29|00:25:36.887] INFO health/worker.go:261 check started passing {"name": "health", "name": "database", "tags": ["application"]}
[07-29|00:25:36.887] INFO health/worker.go:261 check started passing {"name": "health", "name": "diskspace", "tags": ["application"]}
[07-29|00:25:36.888] INFO chains/manager.go:1227 creating proposervm wrapper {"activationTime": "[12-05|05:00:00.000]", "minPChainHeight": 0, "minBlockDelay": "1s", "numHistoricalBlocks": 0}
[07-29|00:25:36.990] INFO chains/manager.go:354 QueueChainCreation called {"vmID": "mgj786NP7uDwBCcq6YwThhaN8FLyybkCa4zBWTQbNgmK6k9A6", "EVMID": "mgj786NP7uDwBCcq6YwThhaN8FLyybkCa4zBWTQbNgmK6k9A6", "vmIDEqualsEVMID": true, "envVar": ""}
[07-29|00:25:36.990] INFO chains/manager.go:354 QueueChainCreation called {"vmID": "jvYyfQTxGMJLuGWa55kdP2p2zSUYsQ5Raupu4TW34ZAUBAbtq", "EVMID": "mgj786NP7uDwBCcq6YwThhaN8FLyybkCa4zBWTQbNgmK6k9A6", "vmIDEqualsEVMID": false, "envVar": ""}
[07-29|00:25:36.991] INFO health/worker.go:115 registered new check and initialized its state to failing {"name": "health", "name": "P", "tags": ["11111111111111111111111111111111LpoYY"]}
[07-29|00:25:36.992] INFO server/server.go:210 adding route {"url": "/ext/bc/11111111111111111111111111111111LpoYY", "endpoint": ""}
[07-29|00:25:37.121] DEBUG router/chain_router.go:420 registering chain with chain router {"chainID": "11111111111111111111111111111111LpoYY"}
[07-29|00:25:37.122] INFO health/worker.go:115 registered new check and initialized its state to failing {"name": "readiness", "name": "bootstrapped", "tags": ["application"]}
[07-29|00:25:37.122] INFO health/worker.go:115 registered new check and initialized its state to failing {"name": "health", "name": "bootstrapped", "tags": ["application"]}
[07-29|00:25:37.122] INFO chains/manager.go:1560 starting chain creator
[07-29|00:25:37.123] INFO node/node.go:661 writing process context {"path": "runtime/luxd-final/process.json"}
[07-29|00:25:37.123] INFO chains/manager.go:403 creating chain {"subnetID": "11111111111111111111111111111111LpoYY", "chainID": "X6CU5qgMJfzsTB9UWxj2ZY5hd68x41HfZ4m4hCBWbHuj1Ebc3", "vmID": "mgj786NP7uDwBCcq6YwThhaN8FLyybkCa4zBWTQbNgmK6k9A6"}
[07-29|00:25:37.124] INFO chains/manager.go:1227 creating proposervm wrapper {"activationTime": "[12-05|05:00:00.000]", "minPChainHeight": 0, "minBlockDelay": "1s", "numHistoricalBlocks": 0}
[07-29|00:25:37.211] INFO node/node.go:688 API server listening {"uri": "http://127.0.0.1:9650"}
[07-29|00:25:37.474] INFO health/worker.go:115 registered new check and initialized its state to failing {"name": "health", "name": "C", "tags": ["11111111111111111111111111111111LpoYY"]}
[07-29|00:25:37.475] INFO server/server.go:210 adding route {"url": "/ext/bc/X6CU5qgMJfzsTB9UWxj2ZY5hd68x41HfZ4m4hCBWbHuj1Ebc3", "endpoint": "/rpc"}
[07-29|00:25:37.475] INFO server/server.go:210 adding route {"url": "/ext/bc/X6CU5qgMJfzsTB9UWxj2ZY5hd68x41HfZ4m4hCBWbHuj1Ebc3", "endpoint": "/"}
[07-29|00:25:37.655] DEBUG router/chain_router.go:420 registering chain with chain router {"chainID": "X6CU5qgMJfzsTB9UWxj2ZY5hd68x41HfZ4m4hCBWbHuj1Ebc3"}
[07-29|00:25:37.760] INFO chains/manager.go:403 creating chain {"subnetID": "11111111111111111111111111111111LpoYY", "chainID": "QJ1f5XDaMmEBAMtcoNFM5dhqWVwyqnb95uCEvCmbxah3iXmuS", "vmID": "jvYyfQTxGMJLuGWa55kdP2p2zSUYsQ5Raupu4TW34ZAUBAbtq"}
[07-29|00:25:37.895] INFO chains/manager.go:799 creating proposervm wrapper {"activationTime": "[12-05|05:00:00.000]", "minPChainHeight": 0, "minBlockDelay": "1s", "numHistoricalBlocks": 0}
[07-29|00:25:37.896] INFO health/worker.go:115 registered new check and initialized its state to failing {"name": "health", "name": "X", "tags": ["11111111111111111111111111111111LpoYY"]}
[07-29|00:25:37.897] INFO server/server.go:210 adding route {"url": "/ext/bc/QJ1f5XDaMmEBAMtcoNFM5dhqWVwyqnb95uCEvCmbxah3iXmuS", "endpoint": ""}
[07-29|00:25:37.897] INFO server/server.go:210 adding route {"url": "/ext/bc/QJ1f5XDaMmEBAMtcoNFM5dhqWVwyqnb95uCEvCmbxah3iXmuS", "endpoint": "/wallet"}
[07-29|00:25:37.897] INFO server/server.go:210 adding route {"url": "/ext/bc/QJ1f5XDaMmEBAMtcoNFM5dhqWVwyqnb95uCEvCmbxah3iXmuS", "endpoint": "/events"}
[07-29|00:25:38.089] DEBUG router/chain_router.go:420 registering chain with chain router {"chainID": "QJ1f5XDaMmEBAMtcoNFM5dhqWVwyqnb95uCEvCmbxah3iXmuS"}
[07-29|00:26:06.887] INFO health/worker.go:261 check started passing {"name": "readiness", "name": "bootstrapped", "tags": ["application"]}
[07-29|00:26:06.887] INFO health/worker.go:261 check started passing {"name": "health", "name": "bootstrapped", "tags": ["application"]}
[07-29|00:26:06.887] INFO health/worker.go:261 check started passing {"name": "health", "name": "C", "tags": ["11111111111111111111111111111111LpoYY"]}
[07-29|00:26:06.888] INFO health/worker.go:261 check started passing {"name": "health", "name": "X", "tags": ["11111111111111111111111111111111LpoYY"]}
[07-29|00:26:06.888] INFO health/worker.go:261 check started passing {"name": "health", "name": "P", "tags": ["11111111111111111111111111111111LpoYY"]}
[07-29|00:26:34.597] INFO node/node.go:1682 shutting down node {"exitCode": 0}
[07-29|00:26:34.597] INFO health/worker.go:115 registered new check and initialized its state to failing {"name": "health", "name": "shuttingDown", "tags": ["application"]}
[07-29|00:26:34.597] INFO chains/manager.go:1591 shutting down chain manager
[07-29|00:26:34.597] INFO router/chain_router.go:375 shutting down chain router
[07-29|00:26:34.598] DEBUG router/chain_router.go:671 can't remove unknown chain {"chainID": "X6CU5qgMJfzsTB9UWxj2ZY5hd68x41HfZ4m4hCBWbHuj1Ebc3"}
[07-29|00:26:34.598] DEBUG router/chain_router.go:671 can't remove unknown chain {"chainID": "QJ1f5XDaMmEBAMtcoNFM5dhqWVwyqnb95uCEvCmbxah3iXmuS"}
[07-29|00:26:34.602] DEBUG router/chain_router.go:671 can't remove unknown chain {"chainID": "11111111111111111111111111111111LpoYY"}
[07-29|00:26:34.602] INFO network/network.go:1070 shutting down the p2p networking
[07-29|00:26:34.602] DEBUG network/network.go:536 error during server accept {"error": "accept tcp [::]:9651: use of closed network connection"}
[07-29|00:26:34.602] DEBUG nat/nat.go:131 unmapping port {"externalPort": 9651}
[07-29|00:26:34.616] INFO nat/nat.go:193 Unmapped all ports
[07-29|00:26:34.616] INFO node/node.go:1731 cleaning up plugin runtimes
[07-29|00:26:34.883] INFO node/node.go:1760 finished node shutdown
[07-29|00:26:34.883] DEBUG app/app.go:153 dispatch returned
[07-29|00:27:07.892] INFO node/node.go:144 initializing node {"version": "node/1.13.3", "nodeID": "NodeID-KPs5Eyg3z9F9rRdeZQM5Pk9ZEvw3qwmEm", "stakingKeyType": "ECDSA", "nodePOP": {"publicKey":"0xa2c06c3e579c712a2620a133ec11639d7ce8ba83e846a107565cbcc5cb7a016f94e3d546c8f873c8be14c28b65dbdbb7","proofOfPossession":"0x98e711171504e5e4bae9c0158a380c589fc36d6cb6e5be0c338ed1a93e067c3ac796b1024bcf0c0c897f1a8d29921b510f63d5b2b22402be7e8c4e61cd53ae579bdc3736b45297d90436b1d61ff1ad53139a9ee96dc34bdbd4342203b9147a26"}, "providedFlags": {"chain-config-dir":"runtime/luxd-final/configs","consensus-quorum-size":1,"consensus-rogue-commit-threshold":1,"consensus-sample-size":1,"consensus-virtuous-commit-threshold":1,"data-dir":"runtime/luxd-final","db-type":"pebbledb","dev":true,"http-port":"9650","log-level":"info","network-health-min-conn-peers":0,"network-id":"96369","poa-single-node-mode":true,"skip-bootstrap":true,"staking-port":"9651","sybil-protection-disabled-weight":100,"sybil-protection-enabled":false}, "config": {"httpConfig":{"readTimeout":30000000000,"readHeaderTimeout":30000000000,"writeHeaderTimeout":30000000000,"idleTimeout":120000000000,"apiConfig":{"indexerConfig":{"indexAPIEnabled":false,"indexAllowIncomplete":false},"adminAPIEnabled":false,"infoAPIEnabled":true,"keystoreAPIEnabled":false,"metricsAPIEnabled":true,"healthAPIEnabled":true},"httpHost":"127.0.0.1","httpPort":9650,"httpsEnabled":false,"httpAllowedOrigins":["*"],"httpAllowedHosts":["localhost"],"shutdownTimeout":10000000000,"shutdownWait":0},"ipConfig":{"publicIP":"","publicIPResolutionService":"","publicIPResolutionFreq":300000000000,"listenHost":"","listenPort":9651},"stakingConfig":{"uptimeRequirement":0.8,"minValidatorStake":2000000000000,"maxValidatorStake":3000000000000000,"minDelegatorStake":25000000000,"minDelegationFee":20000,"minStakeDuration":86400000000000,"maxStakeDuration":31536000000000000,"rewardConfig":{"maxConsumptionRate":120000,"minConsumptionRate":100000,"mintingPeriod":31536000000000000,"supplyCap":720000000000000000},"sybilProtectionEnabled":false,"partialSyncPrimaryNetwork":false,"sybilProtectionDisabledWeight":100,"stakingKeyPath":"runtime/luxd-final/staking/staker.key","stakingCertPath":"runtime/luxd-final/staking/staker.crt","stakingSignerPath":"runtime/luxd-final/staking/signer.key"},"txFeeConfig":{"txFee":1000000,"createAssetTxFee":1000000,"createSubnetTxFee":100000000,"transformSubnetTxFee":100000000,"createBlockchainTxFee":100000000,"addPrimaryNetworkValidatorFee":0,"addPrimaryNetworkDelegatorFee":0,"addSubnetValidatorFee":1000000,"addSubnetDelegatorFee":1000000},"stateSyncConfig":{"stateSyncIDs":null,"stateSyncIPs":null},"bootstrapConfig":{"bootstrapBeaconConnectionTimeout":60000000000,"bootstrapAncestorsMaxContainersSent":2000,"bootstrapAncestorsMaxContainersReceived":2000,"bootstrapMaxTimeGetAncestors":50000000,"bootstrappers":[],"skipBootstrap":true,"enableAutomining":false},"databaseConfig":{"readOnly":false,"path":"runtime/luxd-final/db/network-96369","name":"pebbledb"},"luxAssetID":"2RWzkMiodrM7PujP2So9cvipErKydWc7d64ZmzjdW1Xr3yUvwL","networkID":96369,"healthCheckFreq":30000000000,"networkConfig":{"healthConfig":{"minConnectedPeers":0,"maxTimeSinceMsgReceived":60000000000,"maxTimeSinceMsgSent":60000000000,"maxPortionSendQueueBytesFull":0.9,"maxSendFailRate":0.9,"sendFailRateHalflife":10000000000},"peerListGossipConfig":{"peerListNumValidatorIPs":15,"peerListPullGossipFreq":2000000000,"peerListBloomResetFreq":60000000000},"timeoutConfigs":{"pingPongTimeout":30000000000,"readHandshakeTimeout":15000000000},"delayConfig":{"initialReconnectDelay":1000000000,"maxReconnectDelay":60000000000},"throttlerConfig":{"inboundConnUpgradeThrottlerConfig":{"upgradeCooldown":10000000000,"maxRecentConnsUpgraded":2560},"inboundMsgThrottlerConfig":{"byteThrottlerConfig":{"vdrAllocSize":33554432,"atLargeAllocSize":6291456,"nodeMaxAtLargeBytes":2097152},"bandwidthThrottlerConfig":{"bandwidthRefillRate":524288,"bandwidthMaxBurstRate":2097152},"cpuThrottlerConfig":{"maxRecheckDelay":5000000000},"diskThrottlerConfig":{"maxRecheckDelay":5000000000},"maxProcessingMsgsPerNode":1024},"outboundMsgThrottlerConfig":{"vdrAllocSize":33554432,"atLargeAllocSize":33554432,"nodeMaxAtLargeBytes":2097152},"maxInboundConnsPerSec":256},"proxyEnabled":false,"proxyReadHeaderTimeout":3000000000,"dialerConfig":{"throttleRps":50,"connectionTimeout":30000000000},"tlsKeyLogFile":"","myNodeID":"NodeID-111111111111111111116DBWJs","myIP":null,"networkID":0,"maxClockDifference":60000000000,"pingFrequency":22500000000,"allowPrivateIPs":true,"supportedLPs":[],"objectedLPs":[],"compressionType":"zstd","uptimeMetricFreq":30000000000,"requireValidatorToConnect":false,"maximumInboundMessageTimeout":10000000000,"peerReadBufferSize":8192,"peerWriteBufferSize":8192},"adaptiveTimeoutConfig":{"initialTimeout":5000000000,"minimumTimeout":2000000000,"maximumTimeout":10000000000,"timeoutCoefficient":2,"timeoutHalflife":300000000000},"benchlistConfig":{"threshold":10,"minimumFailingDuration":150000000000,"duration":900000000000,"maxPortion":0},"profilerConfig":{"dir":"runtime/luxd-final/profiles","enabled":false,"freq":900000000000,"maxNumFiles":5},"loggingConfig":{"maxSize":8,"maxFiles":7,"maxAge":0,"directory":"runtime/luxd-final/logs","compress":false,"disableWriterDisplaying":false,"logLevel":"INFO","displayLevel":"INFO","logFormat":"PLAIN"},"pluginDir":"runtime/luxd-final/plugins","fdLimit":32768,"meterVMEnabled":true,"routerHealthConfig":{"maxDropRate":1,"maxDropRateHalflife":10000000000,"maxOutstandingRequests":1024,"maxOutstandingDuration":300000000000,"maxRunTimeRequests":10000000000},"consensusShutdownTimeout":60000000000,"consensusGossipFreq":100000000,"consensusAppConcurrency":2,"trackedSubnets":[],"subnetConfigs":{"11111111111111111111111111111111LpoYY":{"validatorOnly":false,"allowedNodes":[],"consensusParameters":{"k":1,"alphaPreference":1,"alphaConfidence":1,"beta":1,"concurrentRepolls":1,"optimalProcessing":1,"maxOutstandingItems":256,"maxItemProcessingTime":30000000000},"proposerMinBlockDelay":1000000000,"proposerNumHistoricalBlocks":0,"poaEnabled":true,"poaSingleNodeMode":true,"poaMinBlockTime":1000000000}},"chainAliases":null,"vmAliases":null,"systemTrackerProcessingHalflife":15000000000,"systemTrackerFrequency":500000000,"systemTrackerCPUHalflife":15000000000,"systemTrackerDiskHalflife":60000000000,"cpuTargeterConfig":{"vdrAlloc":56,"maxNonVdrUsage":44.800000000000004,"maxNonVdrNodeUsage":7},"diskTargeterConfig":{"vdrAlloc":1073741824000,"maxNonVdrUsage":1073741824000,"maxNonVdrNodeUsage":1073741824000},"requiredAvailableDiskSpace":536870912,"warningThresholdAvailableDiskSpace":1073741824,"traceConfig":{"exporterConfig":{"type":"unknown","endpoint":"","headers":null,"insecure":false},"enabled":false,"traceSampleRate":0,"appName":"","version":""},"useCurrentHeight":false,"chainDataDir":"runtime/luxd-final/chainData","importChainData":"","processContextFilePath":"runtime/luxd-final/process.json","poaModeEnabled":false,"poaSingleNodeMode":false,"poaMinBlockTime":0,"poaAuthorizedNodes":null}}
[07-29|00:27:07.893] INFO node/node.go:952 initializing NAT
[07-29|00:27:09.941] INFO node/node.go:970 initializing API server
[07-29|00:27:09.941] INFO server/server.go:149 API created {"allowedOrigins": ["*"]}
[07-29|00:27:09.942] INFO node/node.go:1349 initializing metrics API
[07-29|00:27:09.942] INFO server/server.go:235 adding route {"url": "/ext/metrics", "endpoint": ""}
[07-29|00:27:09.942] INFO pebbledb/db.go:87 opening pebble {"config": {"cacheSize":536870912,"bytesPerSync":524288,"walBytesPerSync":0,"memTableStopWritesThreshold":8,"memTableSize":134217728,"maxOpenFiles":4096,"maxConcurrentCompactions":1}}
[07-29|00:27:09.961] INFO node/node.go:850 initializing database {"genesisHash": "2vd59DPuN4Y9kQmmsbz8TGgJhJg5kVo8TCCYVBByTTWpSda3R1"}
[07-29|00:27:09.964] INFO node/node.go:1307 initializing keystore
[07-29|00:27:09.964] INFO node/node.go:1314 skipping keystore API initialization because it has been disabled
[07-29|00:27:09.965] INFO node/node.go:1299 initializing SharedMemory
[07-29|00:27:09.965] WARN node/node.go:226 sybil control is not enforced
[07-29|00:27:10.001] INFO nat/nat.go:86 NAT traversal successful {"externalPort": 9651, "internalPort": 9651}
[07-29|00:27:10.001] INFO node/node.go:513 initializing networking {"ip": "99.199.3.203:9651"}
[07-29|00:27:10.002] INFO node/node.go:1480 initializing Health API
[07-29|00:27:10.002] INFO health/worker.go:115 registered new check and initialized its state to failing {"name": "health", "name": "network", "tags": ["application"]}
[07-29|00:27:10.002] INFO health/worker.go:115 registered new check and initialized its state to failing {"name": "health", "name": "router", "tags": ["application"]}
[07-29|00:27:10.002] INFO health/worker.go:115 registered new check and initialized its state to failing {"name": "health", "name": "database", "tags": ["application"]}
[07-29|00:27:10.002] INFO health/worker.go:115 registered new check and initialized its state to failing {"name": "health", "name": "diskspace", "tags": ["application"]}
[07-29|00:27:10.003] INFO server/server.go:235 adding route {"url": "/ext/health", "endpoint": ""}
[07-29|00:27:10.003] INFO server/server.go:235 adding route {"url": "/ext/health", "endpoint": "/readiness"}
[07-29|00:27:10.003] INFO server/server.go:235 adding route {"url": "/ext/health", "endpoint": "/health"}
[07-29|00:27:10.003] INFO server/server.go:235 adding route {"url": "/ext/health", "endpoint": "/liveness"}
[07-29|00:27:10.003] INFO node/node.go:1063 adding the default VM aliases
[07-29|00:27:10.004] INFO node/node.go:1210 initializing VMs
[07-29|00:27:10.004] INFO node/node.go:1365 skipping admin API initialization because it has been disabled
[07-29|00:27:10.004] INFO node/node.go:1422 initializing info API
[07-29|00:27:10.006] INFO server/server.go:235 adding route {"url": "/ext/info", "endpoint": ""}
[07-29|00:27:10.006] INFO node/node.go:1565 initializing chain aliases
[07-29|00:27:10.007] INFO node/node.go:1592 initializing API aliases
[07-29|00:27:10.012] INFO node/node.go:1395 skipping profiler initialization because it has been disabled
[07-29|00:27:10.012] INFO node/node.go:928 initializing chains
[07-29|00:27:10.012] INFO health/worker.go:261 check started passing {"name": "health", "name": "router", "tags": ["application"]}
[07-29|00:27:10.012] INFO chains/manager.go:403 creating chain {"subnetID": "11111111111111111111111111111111LpoYY", "chainID": "11111111111111111111111111111111LpoYY", "vmID": "rWhpuQPF1kb72esV2momhMuTYGkEb1oL29pt2EBXWmSy4kxnT"}
[07-29|00:27:10.012] INFO health/worker.go:261 check started passing {"name": "health", "name": "diskspace", "tags": ["application"]}
[07-29|00:27:10.012] INFO health/worker.go:261 check started passing {"name": "health", "name": "network", "tags": ["application"]}
[07-29|00:27:10.012] INFO health/worker.go:261 check started passing {"name": "health", "name": "database", "tags": ["application"]}
[07-29|00:27:10.013] INFO chains/manager.go:1227 creating proposervm wrapper {"activationTime": "[12-05|05:00:00.000]", "minPChainHeight": 0, "minBlockDelay": "1s", "numHistoricalBlocks": 0}
[07-29|00:27:10.036] INFO chains/manager.go:354 QueueChainCreation called {"vmID": "mgj786NP7uDwBCcq6YwThhaN8FLyybkCa4zBWTQbNgmK6k9A6", "EVMID": "mgj786NP7uDwBCcq6YwThhaN8FLyybkCa4zBWTQbNgmK6k9A6", "vmIDEqualsEVMID": true, "envVar": ""}
[07-29|00:27:10.036] INFO chains/manager.go:354 QueueChainCreation called {"vmID": "jvYyfQTxGMJLuGWa55kdP2p2zSUYsQ5Raupu4TW34ZAUBAbtq", "EVMID": "mgj786NP7uDwBCcq6YwThhaN8FLyybkCa4zBWTQbNgmK6k9A6", "vmIDEqualsEVMID": false, "envVar": ""}
[07-29|00:27:10.037] INFO health/worker.go:115 registered new check and initialized its state to failing {"name": "health", "name": "P", "tags": ["11111111111111111111111111111111LpoYY"]}
[07-29|00:27:10.037] INFO server/server.go:210 adding route {"url": "/ext/bc/11111111111111111111111111111111LpoYY", "endpoint": ""}
[07-29|00:27:10.039] INFO health/worker.go:115 registered new check and initialized its state to failing {"name": "readiness", "name": "bootstrapped", "tags": ["application"]}
[07-29|00:27:10.039] INFO health/worker.go:115 registered new check and initialized its state to failing {"name": "health", "name": "bootstrapped", "tags": ["application"]}
[07-29|00:27:10.040] INFO chains/manager.go:1560 starting chain creator
[07-29|00:27:10.040] INFO node/node.go:661 writing process context {"path": "runtime/luxd-final/process.json"}
[07-29|00:27:10.040] INFO chains/manager.go:403 creating chain {"subnetID": "11111111111111111111111111111111LpoYY", "chainID": "X6CU5qgMJfzsTB9UWxj2ZY5hd68x41HfZ4m4hCBWbHuj1Ebc3", "vmID": "mgj786NP7uDwBCcq6YwThhaN8FLyybkCa4zBWTQbNgmK6k9A6"}
[07-29|00:27:10.041] INFO chains/manager.go:1227 creating proposervm wrapper {"activationTime": "[12-05|05:00:00.000]", "minPChainHeight": 0, "minBlockDelay": "1s", "numHistoricalBlocks": 0}
[07-29|00:27:10.046] INFO health/worker.go:115 registered new check and initialized its state to failing {"name": "health", "name": "C", "tags": ["11111111111111111111111111111111LpoYY"]}
[07-29|00:27:10.048] INFO server/server.go:210 adding route {"url": "/ext/bc/X6CU5qgMJfzsTB9UWxj2ZY5hd68x41HfZ4m4hCBWbHuj1Ebc3", "endpoint": "/rpc"}
[07-29|00:27:10.048] INFO server/server.go:210 adding route {"url": "/ext/bc/X6CU5qgMJfzsTB9UWxj2ZY5hd68x41HfZ4m4hCBWbHuj1Ebc3", "endpoint": "/"}
[07-29|00:27:10.049] INFO node/node.go:688 API server listening {"uri": "http://127.0.0.1:9650"}
[07-29|00:27:10.053] INFO chains/manager.go:403 creating chain {"subnetID": "11111111111111111111111111111111LpoYY", "chainID": "QJ1f5XDaMmEBAMtcoNFM5dhqWVwyqnb95uCEvCmbxah3iXmuS", "vmID": "jvYyfQTxGMJLuGWa55kdP2p2zSUYsQ5Raupu4TW34ZAUBAbtq"}
[07-29|00:27:10.059] INFO chains/manager.go:799 creating proposervm wrapper {"activationTime": "[12-05|05:00:00.000]", "minPChainHeight": 0, "minBlockDelay": "1s", "numHistoricalBlocks": 0}
[07-29|00:27:10.059] INFO health/worker.go:115 registered new check and initialized its state to failing {"name": "health", "name": "X", "tags": ["11111111111111111111111111111111LpoYY"]}
[07-29|00:27:10.059] INFO server/server.go:210 adding route {"url": "/ext/bc/QJ1f5XDaMmEBAMtcoNFM5dhqWVwyqnb95uCEvCmbxah3iXmuS", "endpoint": "/wallet"}
[07-29|00:27:10.060] INFO server/server.go:210 adding route {"url": "/ext/bc/QJ1f5XDaMmEBAMtcoNFM5dhqWVwyqnb95uCEvCmbxah3iXmuS", "endpoint": "/events"}
[07-29|00:27:10.060] INFO server/server.go:210 adding route {"url": "/ext/bc/QJ1f5XDaMmEBAMtcoNFM5dhqWVwyqnb95uCEvCmbxah3iXmuS", "endpoint": ""}
[07-29|00:27:40.012] INFO health/worker.go:261 check started passing {"name": "readiness", "name": "bootstrapped", "tags": ["application"]}
[07-29|00:27:40.012] INFO health/worker.go:261 check started passing {"name": "health", "name": "bootstrapped", "tags": ["application"]}
[07-29|00:27:40.012] INFO health/worker.go:261 check started passing {"name": "health", "name": "C", "tags": ["11111111111111111111111111111111LpoYY"]}
[07-29|00:27:40.012] INFO health/worker.go:261 check started passing {"name": "health", "name": "P", "tags": ["11111111111111111111111111111111LpoYY"]}
[07-29|00:27:40.012] INFO health/worker.go:261 check started passing {"name": "health", "name": "X", "tags": ["11111111111111111111111111111111LpoYY"]}
[07-29|00:28:19.156] INFO node/node.go:1682 shutting down node {"exitCode": 0}
[07-29|00:28:19.156] INFO health/worker.go:115 registered new check and initialized its state to failing {"name": "health", "name": "shuttingDown", "tags": ["application"]}
[07-29|00:28:19.157] INFO chains/manager.go:1591 shutting down chain manager
[07-29|00:28:19.157] INFO router/chain_router.go:375 shutting down chain router
[07-29|00:28:19.161] INFO network/network.go:1070 shutting down the p2p networking
[07-29|00:28:19.171] INFO nat/nat.go:193 Unmapped all ports
[07-29|00:28:19.171] INFO node/node.go:1731 cleaning up plugin runtimes
[07-29|00:28:19.181] INFO node/node.go:1760 finished node shutdown
[07-29|00:30:28.159] INFO node/node.go:144 initializing node {"version": "node/1.13.3", "nodeID": "NodeID-KPs5Eyg3z9F9rRdeZQM5Pk9ZEvw3qwmEm", "stakingKeyType": "ECDSA", "nodePOP": {"publicKey":"0xa2c06c3e579c712a2620a133ec11639d7ce8ba83e846a107565cbcc5cb7a016f94e3d546c8f873c8be14c28b65dbdbb7","proofOfPossession":"0x98e711171504e5e4bae9c0158a380c589fc36d6cb6e5be0c338ed1a93e067c3ac796b1024bcf0c0c897f1a8d29921b510f63d5b2b22402be7e8c4e61cd53ae579bdc3736b45297d90436b1d61ff1ad53139a9ee96dc34bdbd4342203b9147a26"}, "providedFlags": {"chain-config-dir":"runtime/luxd-final/configs","consensus-quorum-size":1,"consensus-rogue-commit-threshold":1,"consensus-sample-size":1,"consensus-virtuous-commit-threshold":1,"data-dir":"runtime/luxd-final","db-type":"pebbledb","dev":true,"http-port":"9650","log-level":"info","network-health-min-conn-peers":0,"network-id":"96369","poa-single-node-mode":true,"skip-bootstrap":true,"staking-port":"9651","sybil-protection-disabled-weight":100,"sybil-protection-enabled":false}, "config": {"httpConfig":{"readTimeout":30000000000,"readHeaderTimeout":30000000000,"writeHeaderTimeout":30000000000,"idleTimeout":120000000000,"apiConfig":{"indexerConfig":{"indexAPIEnabled":false,"indexAllowIncomplete":false},"adminAPIEnabled":false,"infoAPIEnabled":true,"keystoreAPIEnabled":false,"metricsAPIEnabled":true,"healthAPIEnabled":true},"httpHost":"127.0.0.1","httpPort":9650,"httpsEnabled":false,"httpAllowedOrigins":["*"],"httpAllowedHosts":["localhost"],"shutdownTimeout":10000000000,"shutdownWait":0},"ipConfig":{"publicIP":"","publicIPResolutionService":"","publicIPResolutionFreq":300000000000,"listenHost":"","listenPort":9651},"stakingConfig":{"uptimeRequirement":0.8,"minValidatorStake":2000000000000,"maxValidatorStake":3000000000000000,"minDelegatorStake":25000000000,"minDelegationFee":20000,"minStakeDuration":86400000000000,"maxStakeDuration":31536000000000000,"rewardConfig":{"maxConsumptionRate":120000,"minConsumptionRate":100000,"mintingPeriod":31536000000000000,"supplyCap":720000000000000000},"sybilProtectionEnabled":false,"partialSyncPrimaryNetwork":false,"sybilProtectionDisabledWeight":100,"stakingKeyPath":"runtime/luxd-final/staking/staker.key","stakingCertPath":"runtime/luxd-final/staking/staker.crt","stakingSignerPath":"runtime/luxd-final/staking/signer.key"},"txFeeConfig":{"txFee":1000000,"createAssetTxFee":1000000,"createSubnetTxFee":100000000,"transformSubnetTxFee":100000000,"createBlockchainTxFee":100000000,"addPrimaryNetworkValidatorFee":0,"addPrimaryNetworkDelegatorFee":0,"addSubnetValidatorFee":1000000,"addSubnetDelegatorFee":1000000},"stateSyncConfig":{"stateSyncIDs":null,"stateSyncIPs":null},"bootstrapConfig":{"bootstrapBeaconConnectionTimeout":60000000000,"bootstrapAncestorsMaxContainersSent":2000,"bootstrapAncestorsMaxContainersReceived":2000,"bootstrapMaxTimeGetAncestors":50000000,"bootstrappers":[],"skipBootstrap":true,"enableAutomining":false},"databaseConfig":{"readOnly":false,"path":"runtime/luxd-final/db/network-96369","name":"pebbledb"},"luxAssetID":"2RWzkMiodrM7PujP2So9cvipErKydWc7d64ZmzjdW1Xr3yUvwL","networkID":96369,"healthCheckFreq":30000000000,"networkConfig":{"healthConfig":{"minConnectedPeers":0,"maxTimeSinceMsgReceived":60000000000,"maxTimeSinceMsgSent":60000000000,"maxPortionSendQueueBytesFull":0.9,"maxSendFailRate":0.9,"sendFailRateHalflife":10000000000},"peerListGossipConfig":{"peerListNumValidatorIPs":15,"peerListPullGossipFreq":2000000000,"peerListBloomResetFreq":60000000000},"timeoutConfigs":{"pingPongTimeout":30000000000,"readHandshakeTimeout":15000000000},"delayConfig":{"initialReconnectDelay":1000000000,"maxReconnectDelay":60000000000},"throttlerConfig":{"inboundConnUpgradeThrottlerConfig":{"upgradeCooldown":10000000000,"maxRecentConnsUpgraded":2560},"inboundMsgThrottlerConfig":{"byteThrottlerConfig":{"vdrAllocSize":33554432,"atLargeAllocSize":6291456,"nodeMaxAtLargeBytes":2097152},"bandwidthThrottlerConfig":{"bandwidthRefillRate":524288,"bandwidthMaxBurstRate":2097152},"cpuThrottlerConfig":{"maxRecheckDelay":5000000000},"diskThrottlerConfig":{"maxRecheckDelay":5000000000},"maxProcessingMsgsPerNode":1024},"outboundMsgThrottlerConfig":{"vdrAllocSize":33554432,"atLargeAllocSize":33554432,"nodeMaxAtLargeBytes":2097152},"maxInboundConnsPerSec":256},"proxyEnabled":false,"proxyReadHeaderTimeout":3000000000,"dialerConfig":{"throttleRps":50,"connectionTimeout":30000000000},"tlsKeyLogFile":"","myNodeID":"NodeID-111111111111111111116DBWJs","myIP":null,"networkID":0,"maxClockDifference":60000000000,"pingFrequency":22500000000,"allowPrivateIPs":true,"supportedLPs":[],"objectedLPs":[],"compressionType":"zstd","uptimeMetricFreq":30000000000,"requireValidatorToConnect":false,"maximumInboundMessageTimeout":10000000000,"peerReadBufferSize":8192,"peerWriteBufferSize":8192},"adaptiveTimeoutConfig":{"initialTimeout":5000000000,"minimumTimeout":2000000000,"maximumTimeout":10000000000,"timeoutCoefficient":2,"timeoutHalflife":300000000000},"benchlistConfig":{"threshold":10,"minimumFailingDuration":150000000000,"duration":900000000000,"maxPortion":0},"profilerConfig":{"dir":"runtime/luxd-final/profiles","enabled":false,"freq":900000000000,"maxNumFiles":5},"loggingConfig":{"maxSize":8,"maxFiles":7,"maxAge":0,"directory":"runtime/luxd-final/logs","compress":false,"disableWriterDisplaying":false,"logLevel":"INFO","displayLevel":"INFO","logFormat":"PLAIN"},"pluginDir":"runtime/luxd-final/plugins","fdLimit":32768,"meterVMEnabled":true,"routerHealthConfig":{"maxDropRate":1,"maxDropRateHalflife":10000000000,"maxOutstandingRequests":1024,"maxOutstandingDuration":300000000000,"maxRunTimeRequests":10000000000},"consensusShutdownTimeout":60000000000,"consensusGossipFreq":100000000,"consensusAppConcurrency":2,"trackedSubnets":[],"subnetConfigs":{"11111111111111111111111111111111LpoYY":{"validatorOnly":false,"allowedNodes":[],"consensusParameters":{"k":1,"alphaPreference":1,"alphaConfidence":1,"beta":1,"concurrentRepolls":1,"optimalProcessing":1,"maxOutstandingItems":256,"maxItemProcessingTime":30000000000},"proposerMinBlockDelay":1000000000,"proposerNumHistoricalBlocks":0,"poaEnabled":true,"poaSingleNodeMode":true,"poaMinBlockTime":1000000000}},"chainAliases":null,"vmAliases":null,"systemTrackerProcessingHalflife":15000000000,"systemTrackerFrequency":500000000,"systemTrackerCPUHalflife":15000000000,"systemTrackerDiskHalflife":60000000000,"cpuTargeterConfig":{"vdrAlloc":56,"maxNonVdrUsage":44.800000000000004,"maxNonVdrNodeUsage":7},"diskTargeterConfig":{"vdrAlloc":1073741824000,"maxNonVdrUsage":1073741824000,"maxNonVdrNodeUsage":1073741824000},"requiredAvailableDiskSpace":536870912,"warningThresholdAvailableDiskSpace":1073741824,"traceConfig":{"exporterConfig":{"type":"unknown","endpoint":"","headers":null,"insecure":false},"enabled":false,"traceSampleRate":0,"appName":"","version":""},"useCurrentHeight":false,"chainDataDir":"runtime/luxd-final/chainData","importChainData":"","processContextFilePath":"runtime/luxd-final/process.json","poaModeEnabled":false,"poaSingleNodeMode":false,"poaMinBlockTime":0,"poaAuthorizedNodes":null}}
[07-29|00:30:28.162] INFO node/node.go:952 initializing NAT
[07-29|00:30:30.214] INFO node/node.go:970 initializing API server
[07-29|00:30:30.215] INFO server/server.go:149 API created {"allowedOrigins": ["*"]}
[07-29|00:30:30.215] INFO node/node.go:1349 initializing metrics API
[07-29|00:30:30.215] INFO server/server.go:235 adding route {"url": "/ext/metrics", "endpoint": ""}
[07-29|00:30:30.215] INFO pebbledb/db.go:87 opening pebble {"config": {"cacheSize":536870912,"bytesPerSync":524288,"walBytesPerSync":0,"memTableStopWritesThreshold":8,"memTableSize":134217728,"maxOpenFiles":4096,"maxConcurrentCompactions":1}}
[07-29|00:30:30.236] INFO node/node.go:850 initializing database {"genesisHash": "2vd59DPuN4Y9kQmmsbz8TGgJhJg5kVo8TCCYVBByTTWpSda3R1"}
[07-29|00:30:30.240] INFO node/node.go:1307 initializing keystore
[07-29|00:30:30.240] INFO node/node.go:1314 skipping keystore API initialization because it has been disabled
[07-29|00:30:30.240] INFO node/node.go:1299 initializing SharedMemory
[07-29|00:30:30.240] WARN node/node.go:226 sybil control is not enforced
[07-29|00:30:30.276] INFO nat/nat.go:86 NAT traversal successful {"externalPort": 9651, "internalPort": 9651}
[07-29|00:30:30.276] INFO node/node.go:513 initializing networking {"ip": "99.199.3.203:9651"}
[07-29|00:30:30.277] INFO node/node.go:1480 initializing Health API
[07-29|00:30:30.277] INFO health/worker.go:115 registered new check and initialized its state to failing {"name": "health", "name": "network", "tags": ["application"]}
[07-29|00:30:30.277] INFO health/worker.go:115 registered new check and initialized its state to failing {"name": "health", "name": "router", "tags": ["application"]}
[07-29|00:30:30.277] INFO health/worker.go:115 registered new check and initialized its state to failing {"name": "health", "name": "database", "tags": ["application"]}
[07-29|00:30:30.277] INFO health/worker.go:115 registered new check and initialized its state to failing {"name": "health", "name": "diskspace", "tags": ["application"]}
[07-29|00:30:30.277] INFO server/server.go:235 adding route {"url": "/ext/health", "endpoint": ""}
[07-29|00:30:30.277] INFO server/server.go:235 adding route {"url": "/ext/health", "endpoint": "/readiness"}
[07-29|00:30:30.277] INFO server/server.go:235 adding route {"url": "/ext/health", "endpoint": "/health"}
[07-29|00:30:30.277] INFO server/server.go:235 adding route {"url": "/ext/health", "endpoint": "/liveness"}
[07-29|00:30:30.277] INFO node/node.go:1063 adding the default VM aliases
[07-29|00:30:30.278] INFO node/node.go:1210 initializing VMs
[07-29|00:30:30.278] INFO node/node.go:1365 skipping admin API initialization because it has been disabled
[07-29|00:30:30.278] INFO node/node.go:1422 initializing info API
[07-29|00:30:30.279] INFO server/server.go:235 adding route {"url": "/ext/info", "endpoint": ""}
[07-29|00:30:30.279] INFO node/node.go:1565 initializing chain aliases
[07-29|00:30:30.279] INFO node/node.go:1592 initializing API aliases
[07-29|00:30:30.289] INFO node/node.go:1395 skipping profiler initialization because it has been disabled
[07-29|00:30:30.289] INFO node/node.go:928 initializing chains
[07-29|00:30:30.289] INFO health/worker.go:261 check started passing {"name": "health", "name": "router", "tags": ["application"]}
[07-29|00:30:30.289] INFO health/worker.go:261 check started passing {"name": "health", "name": "database", "tags": ["application"]}
[07-29|00:30:30.289] INFO health/worker.go:261 check started passing {"name": "health", "name": "network", "tags": ["application"]}
[07-29|00:30:30.289] INFO health/worker.go:261 check started passing {"name": "health", "name": "diskspace", "tags": ["application"]}
[07-29|00:30:30.289] INFO chains/manager.go:403 creating chain {"subnetID": "11111111111111111111111111111111LpoYY", "chainID": "11111111111111111111111111111111LpoYY", "vmID": "rWhpuQPF1kb72esV2momhMuTYGkEb1oL29pt2EBXWmSy4kxnT"}
[07-29|00:30:30.290] INFO chains/manager.go:1227 creating proposervm wrapper {"activationTime": "[12-05|05:00:00.000]", "minPChainHeight": 0, "minBlockDelay": "1s", "numHistoricalBlocks": 0}
[07-29|00:30:30.310] INFO chains/manager.go:354 QueueChainCreation called {"vmID": "mgj786NP7uDwBCcq6YwThhaN8FLyybkCa4zBWTQbNgmK6k9A6", "EVMID": "mgj786NP7uDwBCcq6YwThhaN8FLyybkCa4zBWTQbNgmK6k9A6", "vmIDEqualsEVMID": true, "envVar": ""}
[07-29|00:30:30.310] INFO chains/manager.go:354 QueueChainCreation called {"vmID": "jvYyfQTxGMJLuGWa55kdP2p2zSUYsQ5Raupu4TW34ZAUBAbtq", "EVMID": "mgj786NP7uDwBCcq6YwThhaN8FLyybkCa4zBWTQbNgmK6k9A6", "vmIDEqualsEVMID": false, "envVar": ""}
[07-29|00:30:30.312] INFO health/worker.go:115 registered new check and initialized its state to failing {"name": "health", "name": "P", "tags": ["11111111111111111111111111111111LpoYY"]}
[07-29|00:30:30.312] INFO server/server.go:210 adding route {"url": "/ext/bc/11111111111111111111111111111111LpoYY", "endpoint": ""}
[07-29|00:30:30.315] INFO health/worker.go:115 registered new check and initialized its state to failing {"name": "readiness", "name": "bootstrapped", "tags": ["application"]}
[07-29|00:30:30.315] INFO health/worker.go:115 registered new check and initialized its state to failing {"name": "health", "name": "bootstrapped", "tags": ["application"]}
[07-29|00:30:30.315] INFO chains/manager.go:1560 starting chain creator
[07-29|00:30:30.315] INFO chains/manager.go:403 creating chain {"subnetID": "11111111111111111111111111111111LpoYY", "chainID": "X6CU5qgMJfzsTB9UWxj2ZY5hd68x41HfZ4m4hCBWbHuj1Ebc3", "vmID": "mgj786NP7uDwBCcq6YwThhaN8FLyybkCa4zBWTQbNgmK6k9A6"}
[07-29|00:30:30.315] INFO node/node.go:661 writing process context {"path": "runtime/luxd-final/process.json"}
[07-29|00:30:30.316] INFO chains/manager.go:1227 creating proposervm wrapper {"activationTime": "[12-05|05:00:00.000]", "minPChainHeight": 0, "minBlockDelay": "1s", "numHistoricalBlocks": 0}
[07-29|00:30:30.320] INFO node/node.go:688 API server listening {"uri": "http://127.0.0.1:9650"}
[07-29|00:30:30.321] INFO health/worker.go:115 registered new check and initialized its state to failing {"name": "health", "name": "C", "tags": ["11111111111111111111111111111111LpoYY"]}
[07-29|00:30:30.322] INFO server/server.go:210 adding route {"url": "/ext/bc/X6CU5qgMJfzsTB9UWxj2ZY5hd68x41HfZ4m4hCBWbHuj1Ebc3", "endpoint": "/rpc"}
[07-29|00:30:30.322] INFO server/server.go:210 adding route {"url": "/ext/bc/X6CU5qgMJfzsTB9UWxj2ZY5hd68x41HfZ4m4hCBWbHuj1Ebc3", "endpoint": "/"}
[07-29|00:30:30.325] INFO chains/manager.go:403 creating chain {"subnetID": "11111111111111111111111111111111LpoYY", "chainID": "QJ1f5XDaMmEBAMtcoNFM5dhqWVwyqnb95uCEvCmbxah3iXmuS", "vmID": "jvYyfQTxGMJLuGWa55kdP2p2zSUYsQ5Raupu4TW34ZAUBAbtq"}
[07-29|00:30:30.330] INFO chains/manager.go:799 creating proposervm wrapper {"activationTime": "[12-05|05:00:00.000]", "minPChainHeight": 0, "minBlockDelay": "1s", "numHistoricalBlocks": 0}
[07-29|00:30:30.332] INFO health/worker.go:115 registered new check and initialized its state to failing {"name": "health", "name": "X", "tags": ["11111111111111111111111111111111LpoYY"]}
[07-29|00:30:30.333] INFO server/server.go:210 adding route {"url": "/ext/bc/QJ1f5XDaMmEBAMtcoNFM5dhqWVwyqnb95uCEvCmbxah3iXmuS", "endpoint": ""}
[07-29|00:30:30.333] INFO server/server.go:210 adding route {"url": "/ext/bc/QJ1f5XDaMmEBAMtcoNFM5dhqWVwyqnb95uCEvCmbxah3iXmuS", "endpoint": "/wallet"}
[07-29|00:30:30.333] INFO server/server.go:210 adding route {"url": "/ext/bc/QJ1f5XDaMmEBAMtcoNFM5dhqWVwyqnb95uCEvCmbxah3iXmuS", "endpoint": "/events"}
[07-29|00:31:00.290] INFO health/worker.go:261 check started passing {"name": "health", "name": "X", "tags": ["11111111111111111111111111111111LpoYY"]}
[07-29|00:31:00.290] INFO health/worker.go:261 check started passing {"name": "readiness", "name": "bootstrapped", "tags": ["application"]}
[07-29|00:31:00.290] INFO health/worker.go:261 check started passing {"name": "health", "name": "bootstrapped", "tags": ["application"]}
[07-29|00:31:00.290] INFO health/worker.go:261 check started passing {"name": "health", "name": "C", "tags": ["11111111111111111111111111111111LpoYY"]}
[07-29|00:31:00.290] INFO health/worker.go:261 check started passing {"name": "health", "name": "P", "tags": ["11111111111111111111111111111111LpoYY"]}
[07-29|01:13:09.350] INFO node/node.go:1682 shutting down node {"exitCode": 0}
[07-29|01:13:09.351] INFO health/worker.go:115 registered new check and initialized its state to failing {"name": "health", "name": "shuttingDown", "tags": ["application"]}
[07-29|01:13:09.351] INFO chains/manager.go:1591 shutting down chain manager
[07-29|01:13:09.351] INFO router/chain_router.go:375 shutting down chain router
[07-29|01:13:09.355] INFO network/network.go:1070 shutting down the p2p networking
[07-29|01:13:09.368] INFO nat/nat.go:193 Unmapped all ports
[07-29|01:13:09.369] INFO node/node.go:1731 cleaning up plugin runtimes
[07-29|01:13:09.374] INFO node/node.go:1760 finished node shutdown
